[INFO] Code_Aligned_Autoencoders.py:279: In function: test
[INFO] Code_Aligned_Autoencoders.py:282: Loading California data
[INFO] datasets.py:134: In function: _california
[INFO] datasets.py:144: Reducing
[INFO] Code_Aligned_Autoencoders.py:300: Change Detector Init
[INFO] Code_Aligned_Autoencoders.py:302: Training
[INFO] Code_Aligned_Autoencoders.py:305: Number of epochs: [10, 10, 10]
[INFO] api.py:466: In function: _call_unconverted
[INFO] api.py:466: In function: _call_unconverted
[INFO] api.py:466: Shape of x_code and y_code: (2, 10, 10, 1)
[INFO] api.py:466: Shape of x_hat and y_hat: (2, 10, 10, 11)
[INFO] api.py:466: In function: _call_unconverted
[INFO] api.py:466: Shape of ztz: (2, 4, 4)
[INFO] api.py:466: In function: _call_unconverted
[INFO] api.py:466: Shape of x_code and y_code: (2, 10, 10, 1)
[INFO] api.py:466: Shape of x_hat and y_hat: (2, 10, 10, 11)
[INFO] api.py:466: In function: _call_unconverted
[INFO] api.py:466: Shape of ztz: (2, 4, 4)
[INFO] api.py:466: In function: _call_unconverted
[INFO] api.py:466: Shape of affinity matrix: (2, 4, 4)
[INFO] api.py:466: Degree matrix shape: (2, 4, 4)
[INFO] api.py:466: kernels_loss: Tensor("mul:0", shape=(), dtype=float32)
[INFO] api.py:466: In function: _call_unconverted
[INFO] api.py:466: In function: _call_unconverted
[INFO] api.py:466: Shape of affinity matrix: (2, 4, 4)
[INFO] api.py:466: Degree matrix shape: (2, 4, 4)
[INFO] api.py:466: kernels_loss: Tensor("mul:0", shape=(), dtype=float32)
[INFO] api.py:466: In function: _call_unconverted
[WARNING] deprecation.py:531: From /Users/pardhumadipalli/Library/Python/3.8/lib/python/site-packages/tensorflow/python/util/deprecation.py:605: calling map_fn_v2 (from tensorflow.python.ops.map_fn) with dtype is deprecated and will be removed in a future version.
Instructions for updating:
Use fn_output_signature instead
[INFO] api.py:466: Shape of x_code and y_code: (1, 89, 50, 1)
[INFO] change_detector.py : cohens kappa: 0.4131648
[INFO] Code_Aligned_Autoencoders.py:121: In function: early_stopping_criterion
[INFO] Code_Aligned_Autoencoders.py:90: In function: save_all_weights
[INFO] Code_Aligned_Autoencoders.py:136: total_loss: 2.4285429
[INFO] Code_Aligned_Autoencoders.py:139: Target 2.4285429
[INFO] Code_Aligned_Autoencoders.py:141: Left tf.Tensor(10, shape=(), dtype=int32)
[INFO] change_detector.py : cohens kappa: 0.41231775
[INFO] Code_Aligned_Autoencoders.py:121: In function: early_stopping_criterion
[INFO] Code_Aligned_Autoencoders.py:90: In function: save_all_weights
[INFO] Code_Aligned_Autoencoders.py:136: total_loss: 1.9468722
[INFO] Code_Aligned_Autoencoders.py:139: Target 1.9468722
[INFO] Code_Aligned_Autoencoders.py:141: Left tf.Tensor(10, shape=(), dtype=int32)
[INFO] change_detector.py : cohens kappa: 0.41069597
[INFO] Code_Aligned_Autoencoders.py:121: In function: early_stopping_criterion
[INFO] Code_Aligned_Autoencoders.py:90: In function: save_all_weights
[INFO] Code_Aligned_Autoencoders.py:136: total_loss: 1.6703608
[INFO] Code_Aligned_Autoencoders.py:139: Target 1.6703608
[INFO] Code_Aligned_Autoencoders.py:141: Left tf.Tensor(10, shape=(), dtype=int32)
[INFO] change_detector.py : cohens kappa: 0.40782136
[INFO] Code_Aligned_Autoencoders.py:121: In function: early_stopping_criterion
[INFO] Code_Aligned_Autoencoders.py:136: total_loss: 1.8221195
[INFO] Code_Aligned_Autoencoders.py:139: Target 1.6703608
[INFO] Code_Aligned_Autoencoders.py:141: Left tf.Tensor(9, shape=(), dtype=int32)
[INFO] change_detector.py : cohens kappa: 0.40562773
[INFO] Code_Aligned_Autoencoders.py:121: In function: early_stopping_criterion
[INFO] Code_Aligned_Autoencoders.py:136: total_loss: 2.1226227
[INFO] Code_Aligned_Autoencoders.py:139: Target 1.6703608
[INFO] Code_Aligned_Autoencoders.py:141: Left tf.Tensor(8, shape=(), dtype=int32)
[INFO] change_detector.py : cohens kappa: 0.40232474
[INFO] Code_Aligned_Autoencoders.py:121: In function: early_stopping_criterion
[INFO] Code_Aligned_Autoencoders.py:136: total_loss: 2.2387917
[INFO] Code_Aligned_Autoencoders.py:139: Target 1.6703608
[INFO] Code_Aligned_Autoencoders.py:141: Left tf.Tensor(7, shape=(), dtype=int32)
[INFO] change_detector.py : cohens kappa: 0.39942694
[INFO] Code_Aligned_Autoencoders.py:121: In function: early_stopping_criterion
[INFO] Code_Aligned_Autoencoders.py:90: In function: save_all_weights
[INFO] Code_Aligned_Autoencoders.py:136: total_loss: 1.6455274
[INFO] Code_Aligned_Autoencoders.py:139: Target 1.6455274
[INFO] Code_Aligned_Autoencoders.py:141: Left tf.Tensor(10, shape=(), dtype=int32)
[INFO] change_detector.py : cohens kappa: 0.40055323
[INFO] Code_Aligned_Autoencoders.py:121: In function: early_stopping_criterion
[INFO] Code_Aligned_Autoencoders.py:136: total_loss: 1.9124162
[INFO] Code_Aligned_Autoencoders.py:139: Target 1.6455274
[INFO] Code_Aligned_Autoencoders.py:141: Left tf.Tensor(9, shape=(), dtype=int32)
[INFO] change_detector.py : cohens kappa: 0.39608473
[INFO] Code_Aligned_Autoencoders.py:121: In function: early_stopping_criterion
[INFO] Code_Aligned_Autoencoders.py:136: total_loss: 1.6964543
[INFO] Code_Aligned_Autoencoders.py:139: Target 1.6455274
[INFO] Code_Aligned_Autoencoders.py:141: Left tf.Tensor(8, shape=(), dtype=int32)
[INFO] change_detector.py : cohens kappa: 0.3915552
[INFO] Code_Aligned_Autoencoders.py:121: In function: early_stopping_criterion
[INFO] Code_Aligned_Autoencoders.py:90: In function: save_all_weights
[INFO] Code_Aligned_Autoencoders.py:136: total_loss: 1.6356878
[INFO] Code_Aligned_Autoencoders.py:139: Target 1.6356878
[INFO] Code_Aligned_Autoencoders.py:141: Left tf.Tensor(10, shape=(), dtype=int32)
[INFO] api.py:466: In function: _call_unconverted
[INFO] api.py:466: Shape of x_code and y_code: (1, 89, 50, 1)
[INFO] change_detector.py : cohens kappa: 0.38638282
[INFO] Code_Aligned_Autoencoders.py:121: In function: early_stopping_criterion
[INFO] Code_Aligned_Autoencoders.py:90: In function: save_all_weights
[INFO] Code_Aligned_Autoencoders.py:136: total_loss: 2.3899918
[INFO] Code_Aligned_Autoencoders.py:139: Target 2.3899918
[INFO] Code_Aligned_Autoencoders.py:141: Left tf.Tensor(10, shape=(), dtype=int32)
[INFO] change_detector.py : cohens kappa: 0.37853765
[INFO] Code_Aligned_Autoencoders.py:121: In function: early_stopping_criterion
[INFO] Code_Aligned_Autoencoders.py:136: total_loss: 2.9045124
[INFO] Code_Aligned_Autoencoders.py:139: Target 2.3899918
[INFO] Code_Aligned_Autoencoders.py:141: Left tf.Tensor(9, shape=(), dtype=int32)
[INFO] change_detector.py : cohens kappa: 0.3737592
[INFO] Code_Aligned_Autoencoders.py:121: In function: early_stopping_criterion
[INFO] Code_Aligned_Autoencoders.py:136: total_loss: 2.6307492
[INFO] Code_Aligned_Autoencoders.py:139: Target 2.3899918
[INFO] Code_Aligned_Autoencoders.py:141: Left tf.Tensor(8, shape=(), dtype=int32)
[INFO] change_detector.py : cohens kappa: 0.37152398
[INFO] Code_Aligned_Autoencoders.py:121: In function: early_stopping_criterion
[INFO] Code_Aligned_Autoencoders.py:136: total_loss: 2.4877203
[INFO] Code_Aligned_Autoencoders.py:139: Target 2.3899918
[INFO] Code_Aligned_Autoencoders.py:141: Left tf.Tensor(7, shape=(), dtype=int32)
[INFO] change_detector.py : cohens kappa: 0.36917406
[INFO] Code_Aligned_Autoencoders.py:121: In function: early_stopping_criterion
[INFO] Code_Aligned_Autoencoders.py:90: In function: save_all_weights
[INFO] Code_Aligned_Autoencoders.py:136: total_loss: 2.2025099
[INFO] Code_Aligned_Autoencoders.py:139: Target 2.2025099
[INFO] Code_Aligned_Autoencoders.py:141: Left tf.Tensor(10, shape=(), dtype=int32)
[INFO] change_detector.py : cohens kappa: 0.3619107
[INFO] Code_Aligned_Autoencoders.py:121: In function: early_stopping_criterion
[INFO] Code_Aligned_Autoencoders.py:136: total_loss: 2.2836032
[INFO] Code_Aligned_Autoencoders.py:139: Target 2.2025099
[INFO] Code_Aligned_Autoencoders.py:141: Left tf.Tensor(9, shape=(), dtype=int32)
[INFO] change_detector.py : cohens kappa: 0.3596183
[INFO] Code_Aligned_Autoencoders.py:121: In function: early_stopping_criterion
[INFO] Code_Aligned_Autoencoders.py:136: total_loss: 2.3911393
[INFO] Code_Aligned_Autoencoders.py:139: Target 2.2025099
[INFO] Code_Aligned_Autoencoders.py:141: Left tf.Tensor(8, shape=(), dtype=int32)
[INFO] change_detector.py : cohens kappa: 0.35259694
[INFO] Code_Aligned_Autoencoders.py:121: In function: early_stopping_criterion
[INFO] Code_Aligned_Autoencoders.py:90: In function: save_all_weights
[INFO] Code_Aligned_Autoencoders.py:136: total_loss: 2.1522996
[INFO] Code_Aligned_Autoencoders.py:139: Target 2.1522996
[INFO] Code_Aligned_Autoencoders.py:141: Left tf.Tensor(10, shape=(), dtype=int32)
[INFO] change_detector.py : cohens kappa: 0.35145783
[INFO] Code_Aligned_Autoencoders.py:121: In function: early_stopping_criterion
[INFO] Code_Aligned_Autoencoders.py:136: total_loss: 2.394814
[INFO] Code_Aligned_Autoencoders.py:139: Target 2.1522996
[INFO] Code_Aligned_Autoencoders.py:141: Left tf.Tensor(9, shape=(), dtype=int32)
[INFO] change_detector.py : cohens kappa: 0.34886408
[INFO] Code_Aligned_Autoencoders.py:121: In function: early_stopping_criterion
[INFO] Code_Aligned_Autoencoders.py:136: total_loss: 2.53178
[INFO] Code_Aligned_Autoencoders.py:139: Target 2.1522996
[INFO] Code_Aligned_Autoencoders.py:141: Left tf.Tensor(8, shape=(), dtype=int32)
[INFO] change_detector.py : cohens kappa: 0.34113312
[INFO] Code_Aligned_Autoencoders.py:121: In function: early_stopping_criterion
[INFO] Code_Aligned_Autoencoders.py:90: In function: save_all_weights
[INFO] Code_Aligned_Autoencoders.py:136: total_loss: 2.3252435
[INFO] Code_Aligned_Autoencoders.py:139: Target 2.3252435
[INFO] Code_Aligned_Autoencoders.py:141: Left tf.Tensor(10, shape=(), dtype=int32)
[INFO] change_detector.py : cohens kappa: 0.33392966
[INFO] Code_Aligned_Autoencoders.py:121: In function: early_stopping_criterion
[INFO] Code_Aligned_Autoencoders.py:90: In function: save_all_weights
[INFO] Code_Aligned_Autoencoders.py:136: total_loss: 1.8101593
[INFO] Code_Aligned_Autoencoders.py:139: Target 1.8101593
[INFO] Code_Aligned_Autoencoders.py:141: Left tf.Tensor(10, shape=(), dtype=int32)
[INFO] change_detector.py : cohens kappa: 0.33137655
[INFO] Code_Aligned_Autoencoders.py:121: In function: early_stopping_criterion
[INFO] Code_Aligned_Autoencoders.py:136: total_loss: 2.3700874
[INFO] Code_Aligned_Autoencoders.py:139: Target 1.8101593
[INFO] Code_Aligned_Autoencoders.py:141: Left tf.Tensor(9, shape=(), dtype=int32)
[INFO] change_detector.py : cohens kappa: 0.32332522
[INFO] Code_Aligned_Autoencoders.py:121: In function: early_stopping_criterion
[INFO] Code_Aligned_Autoencoders.py:136: total_loss: 2.4841163
[INFO] Code_Aligned_Autoencoders.py:139: Target 1.8101593
[INFO] Code_Aligned_Autoencoders.py:141: Left tf.Tensor(8, shape=(), dtype=int32)
[INFO] change_detector.py : cohens kappa: 0.32036275
[INFO] Code_Aligned_Autoencoders.py:121: In function: early_stopping_criterion
[INFO] Code_Aligned_Autoencoders.py:136: total_loss: 2.5104556
[INFO] Code_Aligned_Autoencoders.py:139: Target 1.8101593
[INFO] Code_Aligned_Autoencoders.py:141: Left tf.Tensor(7, shape=(), dtype=int32)
[INFO] change_detector.py : cohens kappa: 0.3092395
[INFO] Code_Aligned_Autoencoders.py:121: In function: early_stopping_criterion
[INFO] Code_Aligned_Autoencoders.py:136: total_loss: 2.134584
[INFO] Code_Aligned_Autoencoders.py:139: Target 1.8101593
[INFO] Code_Aligned_Autoencoders.py:141: Left tf.Tensor(6, shape=(), dtype=int32)
[INFO] change_detector.py : cohens kappa: 0.30357724
[INFO] Code_Aligned_Autoencoders.py:121: In function: early_stopping_criterion
[INFO] Code_Aligned_Autoencoders.py:136: total_loss: 2.5601683
[INFO] Code_Aligned_Autoencoders.py:139: Target 1.8101593
[INFO] Code_Aligned_Autoencoders.py:141: Left tf.Tensor(5, shape=(), dtype=int32)
[INFO] change_detector.py : cohens kappa: 0.2776156
[INFO] Code_Aligned_Autoencoders.py:121: In function: early_stopping_criterion
[INFO] Code_Aligned_Autoencoders.py:136: total_loss: 2.294012
[INFO] Code_Aligned_Autoencoders.py:139: Target 1.8101593
[INFO] Code_Aligned_Autoencoders.py:141: Left tf.Tensor(4, shape=(), dtype=int32)
[INFO] change_detector.py : cohens kappa: 0.27289653
[INFO] Code_Aligned_Autoencoders.py:121: In function: early_stopping_criterion
[INFO] Code_Aligned_Autoencoders.py:136: total_loss: 2.6456475
[INFO] Code_Aligned_Autoencoders.py:139: Target 1.8101593
[INFO] Code_Aligned_Autoencoders.py:141: Left tf.Tensor(3, shape=(), dtype=int32)
[INFO] change_detector.py : cohens kappa: 0.2624454
[INFO] Code_Aligned_Autoencoders.py:121: In function: early_stopping_criterion
[INFO] Code_Aligned_Autoencoders.py:136: total_loss: 2.521888
[INFO] Code_Aligned_Autoencoders.py:139: Target 1.8101593
[INFO] Code_Aligned_Autoencoders.py:141: Left tf.Tensor(2, shape=(), dtype=int32)
[INFO] Code_Aligned_Autoencoders.py:97: In function: load_all_weights
[INFO] change_detector.py : cohens kappa: 0.30507958
[INFO] Code_Aligned_Autoencoders.py:325: final_kappa: 0.30507958
[INFO] Code_Aligned_Autoencoders.py:326: final_acc: 0.8164045
